<?xml version="1.0" encoding="UTF-8"?>
<!-- Generated by org.testng.reporters.JUnitXMLReporter -->
<testsuite ignored="2" hostname="Manju12Yadav" failures="0" tests="1" name="Test runner-1" time="13.293" errors="0" timestamp="2023-03-28T11:28:52 IST">
  <testcase classname="com.menu_module.MenuModule" name="addMenu" time="6.337"/>
  <testcase classname="com.menu_module.MenuModule" name="deleteMenu" time="0.0">
    <ignored/>
  </testcase> <!-- deleteMenu -->
  <testcase classname="com.menu_module.MenuModule" name="editMenu" time="0.0">
    <ignored/>
  </testcase> <!-- editMenu -->
</testsuite> <!-- Test runner-1 -->
