<?xml version="1.0" encoding="UTF-8"?>
<!-- Generated by org.testng.reporters.JUnitXMLReporter -->
<testsuite ignored="2" hostname="Manju12Yadav" failures="0" tests="1" name="Test runner-2" time="14.548" errors="0" timestamp="2023-03-28T11:28:54 IST">
  <testcase classname="com.restaurant_module.RestaurantModule" name="addRestaurant" time="7.726"/>
  <testcase classname="com.restaurant_module.RestaurantModule" name="editRestaurant" time="0.0">
    <ignored/>
  </testcase> <!-- editRestaurant -->
  <testcase classname="com.restaurant_module.RestaurantModule" name="deleteRestaurant" time="0.0">
    <ignored/>
  </testcase> <!-- deleteRestaurant -->
</testsuite> <!-- Test runner-2 -->
