<?xml version="1.0" encoding="UTF-8"?>
<testng-results ignored="0" total="1" passed="1" failed="0" skipped="0">
  <reporter-output>
  </reporter-output>
  <suite started-at="2023-04-08T16:06:42 IST" name="Default suite" finished-at="2023-04-08T16:06:46 IST" duration-ms="4052">
    <groups>
    </groups>
    <test started-at="2023-04-08T16:06:42 IST" name="Default test" finished-at="2023-04-08T16:06:46 IST" duration-ms="4052">
      <class name="com.practice.PrintDeselected">
        <test-method signature="deSelectedOpt()[pri:0, instance:com.practice.PrintDeselected@57d7f8ca]" started-at="2023-04-08T16:06:42 IST" name="deSelectedOpt" finished-at="2023-04-08T16:06:46 IST" duration-ms="3988" status="PASS">
          <reporter-output>
          </reporter-output>
        </test-method> <!-- deSelectedOpt -->
      </class> <!-- com.practice.PrintDeselected -->
    </test> <!-- Default test -->
  </suite> <!-- Default suite -->
</testng-results>
